<?xml version="1.0" encoding="UTF-8"?>
<testng-results ignored="3" total="3" passed="0" failed="0" skipped="0">
  <reporter-output>
  </reporter-output>
  <suite started-at="2021-06-03T14:41:24 IST" name="Suite" finished-at="2021-06-03T14:41:24 IST" duration-ms="9">
    <groups>
    </groups>
    <test started-at="2021-06-03T14:41:24 IST" name="Test3" finished-at="2021-06-03T14:41:24 IST" duration-ms="9">
    </test> <!-- Test3 -->
    <test started-at="2021-06-03T14:41:24 IST" name="Test4" finished-at="2021-06-03T14:41:24 IST" duration-ms="9">
    </test> <!-- Test4 -->
    <test started-at="2021-06-03T14:41:24 IST" name="Test" finished-at="2021-06-03T14:41:24 IST" duration-ms="9">
    </test> <!-- Test -->
  </suite> <!-- Suite -->
</testng-results>
